This is pdfTeX, Version 3.141592653-2.6-1.40.24 (MiKTeX 22.1) (preloaded format=pdflatex 2024.3.7)  27 APR 2024 22:53
entering extended mode
 restricted \write18 enabled.
 %&-line parsing enabled.
**./INFO1111.tex
(INFO1111.tex
LaTeX2e <2023-11-01> patch level 1
L3 programming layer <2024-02-20>

(/Users/davieet/Library/Application Support/MiKTeX/texmfs/install/tex/latex/bas
e/report.cls
Document Class: report 2023/05/17 v1.4n Standard LaTeX document class

(/Users/davieet/Library/Application Support/MiKTeX/texmfs/install/tex/latex/bas
e/size11.clo
File: size11.clo 2023/05/17 v1.4n Standard LaTeX file (size option)
)
\c@part=\count188
\c@chapter=\count189
\c@section=\count190
\c@subsection=\count191
\c@subsubsection=\count192
\c@paragraph=\count193
\c@subparagraph=\count194
\c@figure=\count195
\c@table=\count196
\abovecaptionskip=\skip48
\belowcaptionskip=\skip49
\bibindent=\dimen140
)
(/Users/davieet/Library/Application Support/MiKTeX/texmfs/install/tex/latex/bli
ndtext/blindtext.sty
Package: blindtext 2012/01/06 V2.0 blindtext-Package

(/Users/davieet/Library/Application Support/MiKTeX/texmfs/install/tex/latex/too
ls/xspace.sty
Package: xspace 2014/10/28 v1.13 Space after command names (DPC,MH)
)
\c@blindtext=\count197
\c@Blindtext=\count198
\c@blind@countparstart=\count199
\blind@countxx=\count266
\blindtext@numBlindtext=\count267
\blind@countyy=\count268
\c@blindlist=\count269
\c@blindlistlevel=\count270
\c@blindlist@level=\count271
\blind@listitem=\count272
\c@blind@listcount=\count273
\c@blind@levelcount=\count274
\blind@mathformula=\count275
\blind@Mathformula=\count276
\c@blind@randomcount=\count277
\c@blind@randommax=\count278
\c@blind@pangramcount=\count279
\c@blind@pangrammax=\count280
)
(/Users/davieet/Library/Application Support/MiKTeX/texmfs/install/tex/latex/bas
e/fontenc.sty
Package: fontenc 2021/04/29 v2.0v Standard LaTeX package
)
(/Users/davieet/Library/Application Support/MiKTeX/texmfs/install/tex/latex/bas
e/inputenc.sty
Package: inputenc 2021/02/14 v1.3d Input encoding file
\inpenc@prehook=\toks17
\inpenc@posthook=\toks18
)
(/Users/davieet/Library/Application Support/MiKTeX/texmfs/install/tex/latex/tit
lesec/titlesec.sty
Package: titlesec 2023/10/27 v2.16 Sectioning titles
\ttl@box=\box51
\beforetitleunit=\skip50
\aftertitleunit=\skip51
\ttl@plus=\dimen141
\ttl@minus=\dimen142
\ttl@toksa=\toks19
\titlewidth=\dimen143
\titlewidthlast=\dimen144
\titlewidthfirst=\dimen145
)
(/Users/davieet/Library/Application Support/MiKTeX/texmfs/install/tex/latex/fan
cyhdr/fancyhdr.sty
Package: fancyhdr 2022/11/09 v4.1 Extensive control of page headers and footers

\f@nch@headwidth=\skip52
\f@nch@O@elh=\skip53
\f@nch@O@erh=\skip54
\f@nch@O@olh=\skip55
\f@nch@O@orh=\skip56
\f@nch@O@elf=\skip57
\f@nch@O@erf=\skip58
\f@nch@O@olf=\skip59
\f@nch@O@orf=\skip60
)
(/Users/davieet/Library/Application Support/MiKTeX/texmfs/install/tex/latex/geo
metry/geometry.sty
Package: geometry 2020/01/02 v5.9 Page Geometry

(/Users/davieet/Library/Application Support/MiKTeX/texmfs/install/tex/latex/gra
phics/keyval.sty
Package: keyval 2022/05/29 v1.15 key=value parser (DPC)
\KV@toks@=\toks20
)
(/Users/davieet/Library/Application Support/MiKTeX/texmfs/install/tex/generic/i
ftex/ifvtex.sty
Package: ifvtex 2019/10/25 v1.7 ifvtex legacy package. Use iftex instead.

(/Users/davieet/Library/Application Support/MiKTeX/texmfs/install/tex/generic/i
ftex/iftex.sty
Package: iftex 2022/02/03 v1.0f TeX engine tests
))
\Gm@cnth=\count281
\Gm@cntv=\count282
\c@Gm@tempcnt=\count283
\Gm@bindingoffset=\dimen146
\Gm@wd@mp=\dimen147
\Gm@odd@mp=\dimen148
\Gm@even@mp=\dimen149
\Gm@layoutwidth=\dimen150
\Gm@layoutheight=\dimen151
\Gm@layouthoffset=\dimen152
\Gm@layoutvoffset=\dimen153
\Gm@dimlist=\toks21

(/Users/davieet/Library/Application Support/MiKTeX/texmfs/install/tex/latex/geo
metry/geometry.cfg))
(/Users/davieet/Library/Application Support/MiKTeX/texmfs/install/tex/latex/bas
e/fix-cm.sty
Package: fix-cm 2020/11/24 v1.1t fixes to LaTeX

(/Users/davieet/Library/Application Support/MiKTeX/texmfs/install/tex/latex/bas
e/ts1enc.def
File: ts1enc.def 2001/06/05 v3.0e (jk/car/fm) Standard LaTeX file
LaTeX Font Info:    Redeclaring font encoding TS1 on input line 47.
))
(/Users/davieet/Library/Application Support/MiKTeX/texmfs/install/tex/latex/hyp
erref/hyperref.sty
Package: hyperref 2024-01-20 v7.01h Hypertext links for LaTeX

(/Users/davieet/Library/Application Support/MiKTeX/texmfs/install/tex/latex/kvs
etkeys/kvsetkeys.sty
Package: kvsetkeys 2022-10-05 v1.19 Key value parser (HO)
)
(/Users/davieet/Library/Application Support/MiKTeX/texmfs/install/tex/generic/k
vdefinekeys/kvdefinekeys.sty
Package: kvdefinekeys 2019-12-19 v1.6 Define keys (HO)
)
(/Users/davieet/Library/Application Support/MiKTeX/texmfs/install/tex/generic/p
dfescape/pdfescape.sty
Package: pdfescape 2019/12/09 v1.15 Implements pdfTeX's escape features (HO)

(/Users/davieet/Library/Application Support/MiKTeX/texmfs/install/tex/generic/l
txcmds/ltxcmds.sty
Package: ltxcmds 2023-12-04 v1.26 LaTeX kernel commands for general use (HO)
)
(/Users/davieet/Library/Application Support/MiKTeX/texmfs/install/tex/generic/p
dftexcmds/pdftexcmds.sty
Package: pdftexcmds 2020-06-27 v0.33 Utility functions of pdfTeX for LuaTeX (HO
)

(/Users/davieet/Library/Application Support/MiKTeX/texmfs/install/tex/generic/i
nfwarerr/infwarerr.sty
Package: infwarerr 2019/12/03 v1.5 Providing info/warning/error messages (HO)
)
Package pdftexcmds Info: \pdf@primitive is available.
Package pdftexcmds Info: \pdf@ifprimitive is available.
Package pdftexcmds Info: \pdfdraftmode found.
))
(/Users/davieet/Library/Application Support/MiKTeX/texmfs/install/tex/latex/hyc
olor/hycolor.sty
Package: hycolor 2020-01-27 v1.10 Color options for hyperref/bookmark (HO)
)
(/Users/davieet/Library/Application Support/MiKTeX/texmfs/install/tex/latex/aux
hook/auxhook.sty
Package: auxhook 2019-12-17 v1.6 Hooks for auxiliary files (HO)
)
(/Users/davieet/Library/Application Support/MiKTeX/texmfs/install/tex/latex/hyp
erref/nameref.sty
Package: nameref 2023-11-26 v2.56 Cross-referencing by name of section

(/Users/davieet/Library/Application Support/MiKTeX/texmfs/install/tex/latex/ref
count/refcount.sty
Package: refcount 2019/12/15 v3.6 Data extraction from label references (HO)
)
(/Users/davieet/Library/Application Support/MiKTeX/texmfs/install/tex/generic/g
ettitlestring/gettitlestring.sty
Package: gettitlestring 2019/12/15 v1.6 Cleanup title references (HO)

(/Users/davieet/Library/Application Support/MiKTeX/texmfs/install/tex/latex/kvo
ptions/kvoptions.sty
Package: kvoptions 2022-06-15 v3.15 Key value format for package options (HO)
))
\c@section@level=\count284
)
(/Users/davieet/Library/Application Support/MiKTeX/texmfs/install/tex/latex/eto
olbox/etoolbox.sty
Package: etoolbox 2020/10/05 v2.5k e-TeX tools for LaTeX (JAW)
\etb@tempcnta=\count285
)
\@linkdim=\dimen154
\Hy@linkcounter=\count286
\Hy@pagecounter=\count287

(/Users/davieet/Library/Application Support/MiKTeX/texmfs/install/tex/latex/hyp
erref/pd1enc.def
File: pd1enc.def 2024-01-20 v7.01h Hyperref: PDFDocEncoding definition (HO)
Now handling font encoding PD1 ...
... no UTF-8 mapping file for font encoding PD1
)
(/Users/davieet/Library/Application Support/MiKTeX/texmfs/install/tex/generic/i
ntcalc/intcalc.sty
Package: intcalc 2019/12/15 v1.3 Expandable calculations with integers (HO)
)
\Hy@SavedSpaceFactor=\count288

(/Users/davieet/Library/Application Support/MiKTeX/texmfs/install/tex/latex/hyp
erref/puenc.def
File: puenc.def 2024-01-20 v7.01h Hyperref: PDF Unicode definition (HO)
Now handling font encoding PU ...
... no UTF-8 mapping file for font encoding PU
)
Package hyperref Info: Hyper figures OFF on input line 4179.
Package hyperref Info: Link nesting OFF on input line 4184.
Package hyperref Info: Hyper index ON on input line 4187.
Package hyperref Info: Plain pages OFF on input line 4194.
Package hyperref Info: Backreferencing OFF on input line 4199.
Package hyperref Info: Implicit mode ON; LaTeX internals redefined.
Package hyperref Info: Bookmarks ON on input line 4446.
\c@Hy@tempcnt=\count289

(/Users/davieet/Library/Application Support/MiKTeX/texmfs/install/tex/latex/url
/url.sty
\Urlmuskip=\muskip16
Package: url 2013/09/16  ver 3.4  Verb mode for urls, etc.
)
LaTeX Info: Redefining \url on input line 4784.
\XeTeXLinkMargin=\dimen155

(/Users/davieet/Library/Application Support/MiKTeX/texmfs/install/tex/generic/b
itset/bitset.sty
Package: bitset 2019/12/09 v1.3 Handle bit-vector datatype (HO)

(/Users/davieet/Library/Application Support/MiKTeX/texmfs/install/tex/generic/b
igintcalc/bigintcalc.sty
Package: bigintcalc 2019/12/15 v1.5 Expandable calculations on big integers (HO
)
))
\Fld@menulength=\count290
\Field@Width=\dimen156
\Fld@charsize=\dimen157
Package hyperref Info: Hyper figures OFF on input line 6063.
Package hyperref Info: Link nesting OFF on input line 6068.
Package hyperref Info: Hyper index ON on input line 6071.
Package hyperref Info: backreferencing OFF on input line 6078.
Package hyperref Info: Link coloring OFF on input line 6083.
Package hyperref Info: Link coloring with OCG OFF on input line 6088.
Package hyperref Info: PDF/A mode OFF on input line 6093.

(/Users/davieet/Library/Application Support/MiKTeX/texmfs/install/tex/latex/bas
e/atbegshi-ltx.sty
Package: atbegshi-ltx 2021/01/10 v1.0c Emulation of the original atbegshi
package with kernel methods
)
\Hy@abspage=\count291
\c@Item=\count292
\c@Hfootnote=\count293
)
Package hyperref Info: Driver (autodetected): hpdftex.

(/Users/davieet/Library/Application Support/MiKTeX/texmfs/install/tex/latex/hyp
erref/hpdftex.def
File: hpdftex.def 2024-01-20 v7.01h Hyperref driver for pdfTeX

(/Users/davieet/Library/Application Support/MiKTeX/texmfs/install/tex/latex/bas
e/atveryend-ltx.sty
Package: atveryend-ltx 2020/08/19 v1.0a Emulation of the original atveryend pac
kage
with kernel methods
)
\Fld@listcount=\count294
\c@bookmark@seq@number=\count295

(/Users/davieet/Library/Application Support/MiKTeX/texmfs/install/tex/latex/rer
unfilecheck/rerunfilecheck.sty
Package: rerunfilecheck 2022-07-10 v1.10 Rerun checks for auxiliary files (HO)

(/Users/davieet/Library/Application Support/MiKTeX/texmfs/install/tex/generic/u
niquecounter/uniquecounter.sty
Package: uniquecounter 2019/12/15 v1.4 Provide unlimited unique counter (HO)
)
Package uniquecounter Info: New unique counter `rerunfilecheck' on input line 2
85.
)
\Hy@SectionHShift=\skip61
)
(/Users/davieet/Library/Application Support/MiKTeX/texmfs/install/tex/latex/gra
phics/graphicx.sty
Package: graphicx 2021/09/16 v1.2d Enhanced LaTeX Graphics (DPC,SPQR)

(/Users/davieet/Library/Application Support/MiKTeX/texmfs/install/tex/latex/gra
phics/graphics.sty
Package: graphics 2022/03/10 v1.4e Standard LaTeX Graphics (DPC,SPQR)

(/Users/davieet/Library/Application Support/MiKTeX/texmfs/install/tex/latex/gra
phics/trig.sty
Package: trig 2021/08/11 v1.11 sin cos tan (DPC)
)
(/Users/davieet/Library/Application Support/MiKTeX/texmfs/install/tex/latex/gra
phics-cfg/graphics.cfg
File: graphics.cfg 2016/06/04 v1.11 sample graphics configuration
)
Package graphics Info: Driver file: pdftex.def on input line 107.

(/Users/davieet/Library/Application Support/MiKTeX/texmfs/install/tex/latex/gra
phics-def/pdftex.def
File: pdftex.def 2022/09/22 v1.2b Graphics/color driver for pdftex
))
\Gin@req@height=\dimen158
\Gin@req@width=\dimen159
)
(/Users/davieet/Library/Application Support/MiKTeX/texmfs/install/tex/latex/mul
tirow/multirow.sty
Package: multirow 2021/03/15 v2.8 Span multiple rows of a table
\multirow@colwidth=\skip62
\multirow@cntb=\count296
\multirow@dima=\skip63
\bigstrutjot=\dimen160
)
(/Users/davieet/Library/Application Support/MiKTeX/texmfs/install/tex/generic/b
abel/babel.sty
Package: babel 2024/02/07 v24.2 The Babel package
\babel@savecnt=\count297
\U@D=\dimen161
\l@unhyphenated=\language79

(/Users/davieet/Library/Application Support/MiKTeX/texmfs/install/tex/generic/b
abel/txtbabel.def)
\bbl@readstream=\read2
\bbl@dirlevel=\count298

*************************************
* Local config file bblopts.cfg used
*

(/Users/davieet/Library/Application Support/MiKTeX/texmfs/install/tex/latex/ara
bi/bblopts.cfg
File: bblopts.cfg 2005/09/08 v0.1 add Arabic and Farsi to "declared" options of
 babel
)
(/Users/davieet/Library/Application Support/MiKTeX/texmfs/install/tex/latex/bab
el-english/english.ldf
Language: english 2017/06/06 v3.3r English support from the babel system
Package babel Info: Hyphen rules for 'canadian' set to \l@english
(babel)             (\language0). Reported on input line 102.
Package babel Info: Hyphen rules for 'australian' set to \l@ukenglish
(babel)             (\language73). Reported on input line 105.
Package babel Info: Hyphen rules for 'newzealand' set to \l@ukenglish
(babel)             (\language73). Reported on input line 108.
))
(/Users/davieet/Library/Application Support/MiKTeX/texmfs/install/tex/generic/b
abel/locale/en/babel-english.tex
Package babel Info: Importing font and identification data for english
(babel)             from babel-en.ini. Reported on input line 11.
)
(/Users/davieet/Library/Application Support/MiKTeX/texmfs/install/tex/latex/toc
loft/tocloft.sty
Package: tocloft 2017/08/31 v2.3i parameterised ToC, etc., typesetting
Package tocloft Info: The document has chapter divisions on input line 51.
\cftparskip=\skip64
\cftbeforetoctitleskip=\skip65
\cftaftertoctitleskip=\skip66
\cftbeforepartskip=\skip67
\cftpartnumwidth=\skip68
\cftpartindent=\skip69
\cftbeforechapskip=\skip70
\cftchapindent=\skip71
\cftchapnumwidth=\skip72
\cftbeforesecskip=\skip73
\cftsecindent=\skip74
\cftsecnumwidth=\skip75
\cftbeforesubsecskip=\skip76
\cftsubsecindent=\skip77
\cftsubsecnumwidth=\skip78
\cftbeforesubsubsecskip=\skip79
\cftsubsubsecindent=\skip80
\cftsubsubsecnumwidth=\skip81
\cftbeforeparaskip=\skip82
\cftparaindent=\skip83
\cftparanumwidth=\skip84
\cftbeforesubparaskip=\skip85
\cftsubparaindent=\skip86
\cftsubparanumwidth=\skip87
\cftbeforeloftitleskip=\skip88
\cftafterloftitleskip=\skip89
\cftbeforefigskip=\skip90
\cftfigindent=\skip91
\cftfignumwidth=\skip92
\c@lofdepth=\count299
\c@lotdepth=\count300
\cftbeforelottitleskip=\skip93
\cftafterlottitleskip=\skip94
\cftbeforetabskip=\skip95
\cfttabindent=\skip96
\cfttabnumwidth=\skip97
)
(/Users/davieet/Library/Application Support/MiKTeX/texmfs/install/tex/latex/l3b
ackend/l3backend-pdftex.def
File: l3backend-pdftex.def 2024-02-20 L3 backend support: PDF output (pdfTeX)
\l__color_backend_stack_int=\count301
\l__pdf_internal_box=\box52
) (INFO1111.aux)
\openout1 = `INFO1111.aux'.

LaTeX Font Info:    Checking defaults for OML/cmm/m/it on input line 27.
LaTeX Font Info:    ... okay on input line 27.
LaTeX Font Info:    Checking defaults for OMS/cmsy/m/n on input line 27.
LaTeX Font Info:    ... okay on input line 27.
LaTeX Font Info:    Checking defaults for OT1/cmr/m/n on input line 27.
LaTeX Font Info:    ... okay on input line 27.
LaTeX Font Info:    Checking defaults for T1/cmr/m/n on input line 27.
LaTeX Font Info:    ... okay on input line 27.
LaTeX Font Info:    Checking defaults for TS1/cmr/m/n on input line 27.
LaTeX Font Info:    ... okay on input line 27.
LaTeX Font Info:    Checking defaults for OMX/cmex/m/n on input line 27.
LaTeX Font Info:    ... okay on input line 27.
LaTeX Font Info:    Checking defaults for U/cmr/m/n on input line 27.
LaTeX Font Info:    ... okay on input line 27.
LaTeX Font Info:    Checking defaults for PD1/pdf/m/n on input line 27.
LaTeX Font Info:    ... okay on input line 27.
LaTeX Font Info:    Checking defaults for PU/pdf/m/n on input line 27.
LaTeX Font Info:    ... okay on input line 27.

*geometry* driver: auto-detecting
*geometry* detected driver: pdftex
*geometry* verbose mode - [ preamble ] result:
* driver: pdftex
* paper: a4paper
* layout: <same size as paper>
* layoutoffset:(h,v)=(0.0pt,0.0pt)
* modes: 
* h-part:(L,W,R)=(85.35826pt, 426.79135pt, 85.35826pt)
* v-part:(T,H,B)=(85.35826pt, 674.33032pt, 85.35826pt)
* \paperwidth=597.50787pt
* \paperheight=845.04684pt
* \textwidth=426.79135pt
* \textheight=674.33032pt
* \oddsidemargin=13.08827pt
* \evensidemargin=13.08827pt
* \topmargin=-23.91173pt
* \headheight=12.0pt
* \headsep=25.0pt
* \topskip=11.0pt
* \footskip=30.0pt
* \marginparwidth=50.0pt
* \marginparsep=10.0pt
* \columnsep=10.0pt
* \skip\footins=10.0pt plus 4.0pt minus 2.0pt
* \hoffset=0.0pt
* \voffset=0.0pt
* \mag=1000
* \@twocolumnfalse
* \@twosidefalse
* \@mparswitchfalse
* \@reversemarginfalse
* (1in=72.27pt=25.4mm, 1cm=28.453pt)

Package hyperref Info: Link coloring OFF on input line 27.
(INFO1111.out) (INFO1111.out)
\@outlinefile=\write3
\openout3 = `INFO1111.out'.


(/Users/davieet/Library/Application Support/MiKTeX/texmfs/install/tex/context/b
ase/mkii/supp-pdf.mkii
[Loading MPS to PDF converter (version 2006.09.02).]
\scratchcounter=\count302
\scratchdimen=\dimen162
\scratchbox=\box53
\nofMPsegments=\count303
\nofMParguments=\count304
\everyMPshowfont=\toks22
\MPscratchCnt=\count305
\MPscratchDim=\dimen163
\MPnumerator=\count306
\makeMPintoPDFobject=\count307
\everyMPtoPDFconversion=\toks23
)
(/Users/davieet/Library/Application Support/MiKTeX/texmfs/install/tex/latex/eps
topdf-pkg/epstopdf-base.sty
Package: epstopdf-base 2020-01-24 v2.11 Base part for package epstopdf
Package epstopdf-base Info: Redefining graphics rule for `.eps' on input line 4
85.

(/Users/davieet/Library/Application Support/MiKTeX/texmfs/install/tex/latex/00m
iktex/epstopdf-sys.cfg
File: epstopdf-sys.cfg 2021/03/18 v2.0 Configuration of epstopdf for MiKTeX
))
<USyd.jpg, id=31, 257.46187pt x 89.58469pt>
File: USyd.jpg Graphic file (type jpg)
<use USyd.jpg>
Package pdftex.def Info: USyd.jpg  used on input line 62.
(pdftex.def)             Requested size: 113.81102pt x 39.60054pt.
LaTeX Font Info:    External font `cmex10' loaded for size
(Font)              <10.95> on input line 74.
LaTeX Font Info:    External font `cmex10' loaded for size
(Font)              <8> on input line 74.
LaTeX Font Info:    External font `cmex10' loaded for size
(Font)              <6> on input line 74.

Overfull \hbox (3.06747pt too wide) in paragraph at lines 77--77
[]\T1/cmr/m/n/10.95 Foundation| 
 []

[1

{/Users/davieet/Library/Application Support/MiKTeX/texmfs/data/fonts/map/pdftex
/pdftex.map} <./USyd.jpg>] (INFO1111.toc)
\tf@toc=\write4
\openout4 = `INFO1111.toc'.

 [1] [2]
! Misplaced alignment tab character &.
l.131 ... data scientists to handle with complex &
                                                   big data, and automation ...

? 
! Misplaced alignment tab character &.
l.131 ...ia, e.g., by using it, handling complex &
                                                   big data, and automation ...

? 
! Misplaced alignment tab character &.
l.141 ...tput of compiling from the command line &
                                                   uploading commit to local...

? 

! LaTeX Error: Unknown float option `H'.

See the LaTeX manual or LaTeX Companion for explanation.
Type  H <return>  for immediate help.
 ...                                              
                                                  
l.142 \begin{figure*}[H]
                        
? 
<com1.png, id=67, 1242.6425pt x 578.16pt>
File: com1.png Graphic file (type png)
<use com1.png>
Package pdftex.def Info: com1.png  used on input line 144.
(pdftex.def)             Requested size: 298.75264pt x 138.99942pt.
[3]

! LaTeX Error: Unknown float option `H'.

See the LaTeX manual or LaTeX Companion for explanation.
Type  H <return>  for immediate help.
 ...                                              
                                                  
l.148 \begin{figure*}[H]
                        
? 
<com2.png, id=81, 1241.63875pt x 580.1675pt>
File: com2.png Graphic file (type png)
<use com2.png>
Package pdftex.def Info: com2.png  used on input line 150.
(pdftex.def)             Requested size: 298.75264pt x 139.58829pt.

! LaTeX Error: Unknown float option `H'.

See the LaTeX manual or LaTeX Companion for explanation.
Type  H <return>  for immediate help.
 ...                                              
                                                  
l.154 \begin{figure*}[H]
                        
? 
<com3.png, id=82, 1234.6125pt x 579.16376pt>
File: com3.png Graphic file (type png)
<use com3.png>
Package pdftex.def Info: com3.png  used on input line 156.
(pdftex.def)             Requested size: 298.75264pt x 140.14215pt.

! LaTeX Error: Unknown float option `H'.

See the LaTeX manual or LaTeX Companion for explanation.
Type  H <return>  for immediate help.
 ...                                              
                                                  
l.160 \begin{figure*}[H]
                        
? 
<com4.png, id=83, 1241.63875pt x 584.1825pt>
File: com4.png Graphic file (type png)
<use com4.png>
Package pdftex.def Info: com4.png  used on input line 162.
(pdftex.def)             Requested size: 298.75264pt x 140.55429pt.

! LaTeX Error: Unknown float option `H'.

See the LaTeX manual or LaTeX Companion for explanation.
Type  H <return>  for immediate help.
 ...                                              
                                                  
l.166 \begin{figure*}[H]
                        
? 
<com5.png, id=84, 1240.635pt x 582.175pt>
File: com5.png Graphic file (type png)
<use com5.png>
Package pdftex.def Info: com5.png  used on input line 168.
(pdftex.def)             Requested size: 298.75264pt x 140.18678pt.

! LaTeX Error: Unknown float option `H'.

See the LaTeX manual or LaTeX Companion for explanation.
Type  H <return>  for immediate help.
 ...                                              
                                                  
l.172 \begin{figure*}[H]
                        
? 
<git1.png, id=85, 686.565pt x 158.5925pt>
File: git1.png Graphic file (type png)
<use git1.png>
Package pdftex.def Info: git1.png  used on input line 174.
(pdftex.def)             Requested size: 298.75264pt x 69.00894pt.
[4] [5 <./com1.png> <./com2.png> <./com3.png>] [6 <./com4.png> <./com5.png> <./
git1.png>]
Overfull \hbox (1.85608pt too wide) in paragraph at lines 180--205
\T1/cmr/m/n/10.95 Pro-gram-ming pro-fi-ciency is es-sen-tial for soft-ware de-v
el-op-ers, most es-pe-cially amidst rapidly
 []

[7]

! LaTeX Error: Unknown float option `H'.

See the LaTeX manual or LaTeX Companion for explanation.
Type  H <return>  for immediate help.
 ...                                              
                                                  
l.206 \begin{figure*}[H]
                        
? 
<proof1.png, id=138, 693.59125pt x 232.87pt>
File: proof1.png Graphic file (type png)
<use proof1.png>
Package pdftex.def Info: proof1.png  used on input line 208.
(pdftex.def)             Requested size: 298.75264pt x 100.30624pt.

! LaTeX Error: Unknown float option `H'.

See the LaTeX manual or LaTeX Companion for explanation.
Type  H <return>  for immediate help.
 ...                                              
                                                  
l.212 \begin{figure*}[H]
                        
? 
<Austinbranch.png, id=139, 1256.695pt x 229.85875pt>
File: Austinbranch.png Graphic file (type png)
<use Austinbranch.png>
Package pdftex.def Info: Austinbranch.png  used on input line 214.
(pdftex.def)             Requested size: 298.75264pt x 54.64111pt.

! LaTeX Error: Unknown float option `H'.

See the LaTeX manual or LaTeX Companion for explanation.
Type  H <return>  for immediate help.
 ...                                              
                                                  
l.218 \begin{figure*}[H]
                        
? 
<selfrepo.png, id=140, 710.655pt x 199.74625pt>
File: selfrepo.png Graphic file (type png)
<use selfrepo.png>
Package pdftex.def Info: selfrepo.png  used on input line 220.
(pdftex.def)             Requested size: 298.75264pt x 83.97209pt.

! LaTeX Error: Unknown float option `H'.

See the LaTeX manual or LaTeX Companion for explanation.
Type  H <return>  for immediate help.
 ...                                              
                                                  
l.225 \begin{figure*}[H]
                        
? 
<proof2.png, id=141, 700.6175pt x 345.29pt>
File: proof2.png Graphic file (type png)
<use proof2.png>
Package pdftex.def Info: proof2.png  used on input line 227.
(pdftex.def)             Requested size: 298.75264pt x 147.23892pt.

! LaTeX Error: Unknown float option `H'.

See the LaTeX manual or LaTeX Companion for explanation.
Type  H <return>  for immediate help.
 ...                                              
                                                  
l.231 \begin{figure*}[H]
                        
? 
<proof3.png, id=142, 845.1575pt x 437.635pt>
File: proof3.png Graphic file (type png)
<use proof3.png>
Package pdftex.def Info: proof3.png  used on input line 233.
(pdftex.def)             Requested size: 298.75264pt x 154.70375pt.

! LaTeX Error: Unknown float option `H'.

See the LaTeX manual or LaTeX Companion for explanation.
Type  H <return>  for immediate help.
 ...                                              
                                                  
l.237 \begin{figure*}[H]
                        
? 
<proof4.png, id=143, 877.2775pt x 408.52625pt>
File: proof4.png Graphic file (type png)
<use proof4.png>
Package pdftex.def Info: proof4.png  used on input line 239.
(pdftex.def)             Requested size: 298.75264pt x 139.12149pt.

! LaTeX Error: Unknown float option `H'.

See the LaTeX manual or LaTeX Companion for explanation.
Type  H <return>  for immediate help.
 ...                                              
                                                  
l.243 \begin{figure*}[H]
                        
? 
<proof5.png, id=144, 865.2325pt x 299.1175pt>
File: proof5.png Graphic file (type png)
<use proof5.png>
Package pdftex.def Info: proof5.png  used on input line 245.
(pdftex.def)             Requested size: 298.75264pt x 103.28236pt.

! LaTeX Error: Unknown float option `H'.

See the LaTeX manual or LaTeX Companion for explanation.
Type  H <return>  for immediate help.
 ...                                              
                                                  
l.249 \begin{figure*}[H]
                        
? 
<proof52.png, id=145, 715.67375pt x 261.97874pt>
File: proof52.png Graphic file (type png)
<use proof52.png>
Package pdftex.def Info: proof52.png  used on input line 251.
(pdftex.def)             Requested size: 298.75264pt x 109.36273pt.

! LaTeX Error: Unknown float option `H'.

See the LaTeX manual or LaTeX Companion for explanation.
Type  H <return>  for immediate help.
 ...                                              
                                                  
l.255 \begin{figure*}[H]
                        
? 
<proof6.png, id=146, 609.27625pt x 302.12875pt>
File: proof6.png Graphic file (type png)
<use proof6.png>
Package pdftex.def Info: proof6.png  used on input line 257.
(pdftex.def)             Requested size: 298.75264pt x 148.1504pt.
[8] [9 <./proof1.png> <./Austinbranch.png> <./selfrepo.png> <./proof2.png>]
[10 <./proof3.png> <./proof4.png> <./proof5.png> <./proof52.png>] [11]
(INFO1111.bbl [12 <./proof6.png>]
Underfull \hbox (badness 7256) in paragraph at lines 29--32
[]\T1/cmr/m/n/10.95 University of Penn-syl-va-nia, ``5 key rea-sons why data an
-a-lyt-ics is im-
 []


Underfull \hbox (badness 10000) in paragraph at lines 29--32
\T1/cmr/m/n/10.95 por-tant to busi-ness,'' 2022, see []$https : / / lpsonline .
 sas . upenn . edu / features /
 []


Underfull \hbox (badness 10000) in paragraph at lines 34--37
[]\T1/cmr/m/n/10.95 Jamilu A. Aliyup, ``How can data an-a-lysts use their skill
s to help
 []


Underfull \hbox (badness 6526) in paragraph at lines 34--37
\T1/cmr/m/n/10.95 their or-ga-ni-za-tions suc-ceed?'' 2023, see []$https : / / 
www . linkedin . com / pulse /
 []


Underfull \hbox (badness 10000) in paragraph at lines 34--37
\T1/cmr/m/n/10.95 how-[]can-[]data-[]analysts-[]use-[]skills-[]help-[]organizat
ions-[]succeed-[]a-[]aliyu-[]wluqf# : ~ :
 []


Underfull \hbox (badness 10000) in paragraph at lines 34--37
\T1/cmr/m/n/10.95 text = Data % 20analysts % 20help % 20organizations % 20make 
,[] that % 20align % 20with %
 []


Underfull \hbox (badness 10000) in paragraph at lines 39--42
[]\T1/cmr/m/n/10.95 Raj Verma, ``Role of ma-chine learn-ing in data sci-ence
 []


Underfull \hbox (badness 10000) in paragraph at lines 39--42
\T1/cmr/m/n/10.95 sim-pli-fied 101,'' 2023, see []$https : / / www . linkedin .
 com / pulse /
 []


Underfull \hbox (badness 10000) in paragraph at lines 39--42
\T1/cmr/m/n/10.95 how-[]can-[]data-[]analysts-[]use-[]skills-[]help-[]organizat
ions-[]succeed-[]a-[]aliyu-[]wluqf# : ~ :
 []


Underfull \hbox (badness 10000) in paragraph at lines 39--42
\T1/cmr/m/n/10.95 text = Data % 20analysts % 20help % 20organizations % 20make 
,[] that % 20align % 20with %
 []

! Misplaced alignment tab character &.
l.74 ..., ``Importance of custom software design &
                                                   development,'' see
? 
[13

]) [14] (INFO1111.aux)
 ***********
LaTeX2e <2023-11-01> patch level 1
L3 programming layer <2024-02-20>
 ***********
Package rerunfilecheck Info: File `INFO1111.out' has not changed.
(rerunfilecheck)             Checksum: DAB7C815A7AB5F6DBE6C5F7AA411DD4D;1793.
 ) 
Here is how much of TeX's memory you used:
 11540 strings out of 474457
 188520 string characters out of 5733348
 1940187 words of memory out of 5000000
 33661 multiletter control sequences out of 15000+600000
 568099 words of font info for 55 fonts, out of 8000000 for 9000
 1141 hyphenation exceptions out of 8191
 75i,9n,79p,767b,580s stack positions out of 10000i,1000n,20000p,200000b,200000s
 </Users/davieet/Library/Application Support/MiKTeX/texmfs/data/fonts/pk/ljfo
ur/jknappen/ec/dpi657/ecbx1000.pk> </Users/davieet/Library/Application Support/
MiKTeX/texmfs/data/fonts/pk/ljfour/jknappen/ec/dpi650/ecbx1200.pk> </Users/davi
eet/Library/Application Support/MiKTeX/texmfs/data/fonts/pk/ljfour/jknappen/ec/
dpi750/ecbx1200.pk> </Users/davieet/Library/Application Support/MiKTeX/texmfs/d
ata/fonts/pk/ljfour/jknappen/ec/dpi1244/ecbx1200.pk> </Users/davieet/Library/Ap
plication Support/MiKTeX/texmfs/data/fonts/pk/ljfour/jknappen/ec/dpi657/tcrm100
0.pk> </Users/davieet/Library/Application Support/MiKTeX/texmfs/data/fonts/pk/l
jfour/jknappen/ec/dpi657/ecrm1000.pk> </Users/davieet/Library/Application Suppo
rt/MiKTeX/texmfs/data/fonts/pk/ljfour/jknappen/ec/dpi600/ecbx1200.pk> </Users/d
avieet/Library/Application Support/MiKTeX/texmfs/data/fonts/pk/ljfour/jknappen/
ec/dpi1037/ecbx1200.pk></Users/davieet/Library/Application Support/MiKTeX/texmf
s/install/fonts/type1/public/amsfonts/cm/cmsy10.pfb>
Output written on INFO1111.pdf (15 pages, 1441100 bytes).
PDF statistics:
 518 PDF objects out of 1000 (max. 8388607)
 54 named destinations out of 1000 (max. 500000)
 137 words of extra memory for PDF output out of 10000 (max. 10000000)

